24-Apr-2026 09:21:56.435 INFO [main] org.apache.catalina.startup.VersionLoggerListener.log Server version name:   Apache Tomcat/10.1.54
24-Apr-2026 09:21:56.437 INFO [main] org.apache.catalina.startup.VersionLoggerListener.log Server built:          Mar 30 2026 22:31:53 UTC
24-Apr-2026 09:21:56.438 INFO [main] org.apache.catalina.startup.VersionLoggerListener.log Server version number: 10.1.54.0
24-Apr-2026 09:21:56.438 INFO [main] org.apache.catalina.startup.VersionLoggerListener.log OS Name:               Linux
24-Apr-2026 09:21:56.438 INFO [main] org.apache.catalina.startup.VersionLoggerListener.log OS Version:            6.18.21-1-lts
24-Apr-2026 09:21:56.438 INFO [main] org.apache.catalina.startup.VersionLoggerListener.log Architecture:          amd64
24-Apr-2026 09:21:56.438 INFO [main] org.apache.catalina.startup.VersionLoggerListener.log Java Home:             /usr/lib/jvm/java-21-openjdk
24-Apr-2026 09:21:56.438 INFO [main] org.apache.catalina.startup.VersionLoggerListener.log JVM Version:           21.0.10+7
24-Apr-2026 09:21:56.438 INFO [main] org.apache.catalina.startup.VersionLoggerListener.log JVM Vendor:            Arch Linux
24-Apr-2026 09:21:56.438 INFO [main] org.apache.catalina.startup.VersionLoggerListener.log CATALINA_BASE:         /home/tarun/DairyFresh/apache-tomcat-10.1.54
24-Apr-2026 09:21:56.438 INFO [main] org.apache.catalina.startup.VersionLoggerListener.log CATALINA_HOME:         /home/tarun/DairyFresh/apache-tomcat-10.1.54
24-Apr-2026 09:21:56.446 INFO [main] org.apache.catalina.startup.VersionLoggerListener.log Command line argument: -Djava.util.logging.config.file=/home/tarun/DairyFresh/apache-tomcat-10.1.54/conf/logging.properties
24-Apr-2026 09:21:56.446 INFO [main] org.apache.catalina.startup.VersionLoggerListener.log Command line argument: -Djava.util.logging.manager=org.apache.juli.ClassLoaderLogManager
24-Apr-2026 09:21:56.446 INFO [main] org.apache.catalina.startup.VersionLoggerListener.log Command line argument: -Djdk.tls.ephemeralDHKeySize=2048
24-Apr-2026 09:21:56.446 INFO [main] org.apache.catalina.startup.VersionLoggerListener.log Command line argument: -Djava.protocol.handler.pkgs=org.apache.catalina.webresources
24-Apr-2026 09:21:56.446 INFO [main] org.apache.catalina.startup.VersionLoggerListener.log Command line argument: -Dsun.io.useCanonCaches=false
24-Apr-2026 09:21:56.447 INFO [main] org.apache.catalina.startup.VersionLoggerListener.log Command line argument: -Dorg.apache.catalina.security.SecurityListener.UMASK=0027
24-Apr-2026 09:21:56.447 INFO [main] org.apache.catalina.startup.VersionLoggerListener.log Command line argument: --add-opens=java.base/java.lang=ALL-UNNAMED
24-Apr-2026 09:21:56.447 INFO [main] org.apache.catalina.startup.VersionLoggerListener.log Command line argument: --add-opens=java.base/java.lang.reflect=ALL-UNNAMED
24-Apr-2026 09:21:56.447 INFO [main] org.apache.catalina.startup.VersionLoggerListener.log Command line argument: --add-opens=java.base/java.io=ALL-UNNAMED
24-Apr-2026 09:21:56.447 INFO [main] org.apache.catalina.startup.VersionLoggerListener.log Command line argument: --add-opens=java.base/java.util=ALL-UNNAMED
24-Apr-2026 09:21:56.447 INFO [main] org.apache.catalina.startup.VersionLoggerListener.log Command line argument: --add-opens=java.base/java.util.concurrent=ALL-UNNAMED
24-Apr-2026 09:21:56.447 INFO [main] org.apache.catalina.startup.VersionLoggerListener.log Command line argument: --add-opens=java.rmi/sun.rmi.transport=ALL-UNNAMED
24-Apr-2026 09:21:56.447 INFO [main] org.apache.catalina.startup.VersionLoggerListener.log Command line argument: -Dcatalina.base=/home/tarun/DairyFresh/apache-tomcat-10.1.54
24-Apr-2026 09:21:56.447 INFO [main] org.apache.catalina.startup.VersionLoggerListener.log Command line argument: -Dcatalina.home=/home/tarun/DairyFresh/apache-tomcat-10.1.54
24-Apr-2026 09:21:56.447 INFO [main] org.apache.catalina.startup.VersionLoggerListener.log Command line argument: -Djava.io.tmpdir=/home/tarun/DairyFresh/apache-tomcat-10.1.54/temp
24-Apr-2026 09:21:56.448 INFO [main] org.apache.catalina.core.AprLifecycleListener.lifecycleEvent The Apache Tomcat Native library which allows using OpenSSL was not found on the java.library.path: [/usr/java/packages/lib:/usr/lib64:/lib64:/lib:/usr/lib]
24-Apr-2026 09:21:56.591 INFO [main] org.apache.coyote.AbstractProtocol.init Initializing ProtocolHandler ["http-nio-8080"]
24-Apr-2026 09:21:56.603 INFO [main] org.apache.catalina.startup.Catalina.load Server initialization in [262] milliseconds
24-Apr-2026 09:21:56.627 INFO [main] org.apache.catalina.core.StandardService.startInternal Starting service [Catalina]
24-Apr-2026 09:21:56.627 INFO [main] org.apache.catalina.core.StandardEngine.startInternal Starting Servlet engine: [Apache Tomcat/10.1.54]
24-Apr-2026 09:21:56.640 INFO [main] org.apache.catalina.startup.HostConfig.deployWAR Deploying web application archive [/home/tarun/DairyFresh/apache-tomcat-10.1.54/webapps/backend.war]
24-Apr-2026 09:21:56.955 INFO [main] org.apache.jasper.servlet.TldScanner.scanJars At least one JAR was scanned for TLDs yet contained no TLDs. Enable debug logging for this logger for a complete list of JARs that were scanned but no TLDs were found in them. Skipping unneeded JARs during scanning can improve startup time and JSP compilation time.
24-Apr-2026 09:21:56.975 INFO [main] org.apache.catalina.startup.HostConfig.deployWAR Deployment of web application archive [/home/tarun/DairyFresh/apache-tomcat-10.1.54/webapps/backend.war] has finished in [335] ms
24-Apr-2026 09:21:56.976 INFO [main] org.apache.catalina.startup.HostConfig.deployDirectory Deploying web application directory [/home/tarun/DairyFresh/apache-tomcat-10.1.54/webapps/examples]
24-Apr-2026 09:21:57.056 INFO [main] org.apache.catalina.startup.HostConfig.deployDirectory Deployment of web application directory [/home/tarun/DairyFresh/apache-tomcat-10.1.54/webapps/examples] has finished in [81] ms
24-Apr-2026 09:21:57.057 INFO [main] org.apache.catalina.startup.HostConfig.deployDirectory Deploying web application directory [/home/tarun/DairyFresh/apache-tomcat-10.1.54/webapps/host-manager]
24-Apr-2026 09:21:57.068 INFO [main] org.apache.catalina.startup.HostConfig.deployDirectory Deployment of web application directory [/home/tarun/DairyFresh/apache-tomcat-10.1.54/webapps/host-manager] has finished in [11] ms
24-Apr-2026 09:21:57.068 INFO [main] org.apache.catalina.startup.HostConfig.deployDirectory Deploying web application directory [/home/tarun/DairyFresh/apache-tomcat-10.1.54/webapps/ROOT]
24-Apr-2026 09:21:57.077 INFO [main] org.apache.catalina.startup.HostConfig.deployDirectory Deployment of web application directory [/home/tarun/DairyFresh/apache-tomcat-10.1.54/webapps/ROOT] has finished in [9] ms
24-Apr-2026 09:21:57.077 INFO [main] org.apache.catalina.startup.HostConfig.deployDirectory Deploying web application directory [/home/tarun/DairyFresh/apache-tomcat-10.1.54/webapps/docs]
24-Apr-2026 09:21:57.085 INFO [main] org.apache.catalina.startup.HostConfig.deployDirectory Deployment of web application directory [/home/tarun/DairyFresh/apache-tomcat-10.1.54/webapps/docs] has finished in [8] ms
24-Apr-2026 09:21:57.085 INFO [main] org.apache.catalina.startup.HostConfig.deployDirectory Deploying web application directory [/home/tarun/DairyFresh/apache-tomcat-10.1.54/webapps/manager]
24-Apr-2026 09:21:57.094 INFO [main] org.apache.catalina.startup.HostConfig.deployDirectory Deployment of web application directory [/home/tarun/DairyFresh/apache-tomcat-10.1.54/webapps/manager] has finished in [9] ms
24-Apr-2026 09:21:57.097 INFO [main] org.apache.coyote.AbstractProtocol.start Starting ProtocolHandler ["http-nio-8080"]
24-Apr-2026 09:21:57.104 INFO [main] org.apache.catalina.startup.Catalina.start Server startup in [499] milliseconds
